\BOOKMARK [1][-]{section.1}{\376\377\000T\000e\000m\000a\000\040\0001\000:\000\040\000I\000n\000t\000r\000o\000d\000u\000c\000c\000i\000\363\000n\000\040\000a\000\040\000l\000o\000s\000\040\000f\000u\000n\000d\000a\000m\000e\000n\000t\000o\000s\000\040\000d\000e\000\040\000l\000a\000s\000\040\000r\000e\000d\000e\000s}{}% 1
\BOOKMARK [2][-]{subsection.1.1}{\376\377\000S\000i\000s\000t\000e\000m\000a\000s\000\040\000d\000e\000\040\000c\000o\000m\000u\000n\000i\000c\000a\000c\000i\000\363\000n\000\040\000y\000\040\000r\000e\000d\000e\000s}{section.1}% 2
\BOOKMARK [2][-]{subsection.1.2}{\376\377\000C\000l\000a\000s\000i\000f\000i\000c\000a\000c\000i\000\363\000n\000\040\000d\000e\000\040\000l\000a\000s\000\040\000r\000e\000d\000e\000s}{section.1}% 3
\BOOKMARK [3][-]{subsubsection.1.2.1}{\376\377\000N\000o\000m\000e\000n\000c\000l\000a\000t\000u\000r\000a\000\040\000t\000\355\000p\000i\000c\000a\000\040\000e\000n\000\040\000f\000i\000g\000u\000r\000a\000s}{subsection.1.2}% 4
\BOOKMARK [3][-]{subsubsection.1.2.2}{\376\377\000E\000s\000t\000r\000u\000c\000t\000u\000r\000a\000\040\000y\000\040\000E\000l\000e\000m\000e\000n\000t\000o\000s\000\040\000d\000e\000\040\000u\000n\000a\000\040\000R\000e\000d\000\040\000s\000e\000g\000\372\000n\000\040\000K\000u\000r\000o\000s\000e\000\040\000y\000\040\000R\000o\000s\000s}{subsection.1.2}% 5
\BOOKMARK [2][-]{subsection.1.3}{\376\377\000D\000i\000s\000e\000\361\000o\000\040\000y\000\040\000e\000s\000t\000a\000n\000d\000a\000r\000i\000z\000a\000c\000i\000\363\000n\000\040\000d\000e\000\040\000r\000e\000d\000e\000s}{section.1}% 6
\BOOKMARK [3][-]{subsubsection.1.3.1}{\376\377\000M\000o\000d\000e\000l\000o\000s\000\040\000O\000S\000I\000,\000\040\000T\000C\000P\000/\000I\000P\000\040\000y\000\040\000e\000l\000\040\000c\000o\000n\000c\000e\000p\000t\000o\000\040\000d\000e\000\040\000R\000F\000C}{subsection.1.3}% 7
\BOOKMARK [2][-]{subsection.1.4}{\376\377\000T\000e\000r\000m\000i\000n\000o\000l\000o\000g\000\355\000a\000,\000\040\000c\000o\000n\000c\000e\000p\000t\000o\000s\000\040\000y\000\040\000s\000e\000r\000v\000i\000c\000i\000o\000s}{section.1}% 8
\BOOKMARK [3][-]{subsubsection.1.4.1}{\376\377\000R\000e\000t\000a\000r\000d\000o\000s\000\040\000e\000n\000\040\000l\000a\000\040\000c\000o\000m\000u\000n\000i\000c\000a\000c\000i\000\363\000n}{subsection.1.4}% 9
\BOOKMARK [3][-]{subsubsection.1.4.2}{\376\377\000T\000i\000p\000o\000s\000\040\000d\000e\000\040\000s\000e\000r\000v\000i\000c\000i\000o\000s}{subsection.1.4}% 10
\BOOKMARK [2][-]{subsection.1.5}{\376\377\000I\000n\000t\000e\000r\000n\000e\000t\000:\000\040\000t\000o\000p\000o\000l\000o\000g\000\355\000a\000\040\000y\000\040\000d\000i\000r\000e\000c\000c\000i\000o\000n\000a\000m\000i\000e\000n\000t\000o}{section.1}% 11
\BOOKMARK [3][-]{subsubsection.1.5.1}{\376\377\000T\000o\000p\000o\000l\000o\000g\000\355\000a\000\040\000d\000e\000\040\000I\000n\000t\000e\000r\000n\000e\000t}{subsection.1.5}% 12
\BOOKMARK [3][-]{subsubsection.1.5.2}{\376\377\000D\000i\000r\000e\000c\000c\000i\000o\000n\000a\000m\000i\000e\000n\000t\000o\000\040\000e\000n\000\040\000I\000n\000t\000e\000r\000n\000e\000t}{subsection.1.5}% 13
\BOOKMARK [3][-]{subsubsection.1.5.3}{\376\377\000O\000t\000r\000o\000s\000\040\000e\000l\000e\000m\000e\000n\000t\000o\000s\000\040\000c\000l\000a\000v\000e}{subsection.1.5}% 14
\BOOKMARK [1][-]{section.2}{\376\377\000T\000e\000m\000a\000\040\0002\000:\000\040\000C\000a\000p\000a\000\040\000d\000e\000\040\000R\000e\000d}{}% 15
\BOOKMARK [2][-]{subsection.2.1}{\376\377\000F\000u\000n\000c\000i\000o\000n\000a\000l\000i\000d\000a\000d\000e\000s}{section.2}% 16
\BOOKMARK [3][-]{subsubsection.2.1.1}{\376\377\000F\000u\000n\000c\000i\000o\000n\000e\000s\000\040\000y\000\040\000s\000e\000r\000v\000i\000c\000i\000o\000s\000\040\000e\000n\000\040\000T\000C\000P\000/\000I\000P}{subsection.2.1}% 17
\BOOKMARK [2][-]{subsection.2.2}{\376\377\000C\000o\000n\000m\000u\000t\000a\000c\000i\000\363\000n}{section.2}% 18
\BOOKMARK [3][-]{subsubsection.2.2.1}{\376\377\000C\000o\000n\000m\000u\000t\000a\000c\000i\000\363\000n\000\040\000d\000e\000\040\000C\000i\000r\000c\000u\000i\000t\000o\000s}{subsection.2.2}% 19
\BOOKMARK [3][-]{subsubsection.2.2.2}{\376\377\000C\000o\000n\000m\000u\000t\000a\000c\000i\000\363\000n\000\040\000d\000e\000\040\000P\000a\000q\000u\000e\000t\000e\000s}{subsection.2.2}% 20
\BOOKMARK [3][-]{subsubsection.2.2.3}{\376\377\000E\000s\000t\000i\000m\000a\000c\000i\000\363\000n\000\040\000d\000e\000l\000\040\000T\000i\000e\000m\000p\000o\000\040\000d\000e\000\040\000T\000r\000a\000n\000s\000m\000i\000s\000i\000\363\000n\000\040\000e\000n\000\040\000C\000o\000n\000m\000u\000t\000a\000c\000i\000\363\000n\000\040\000d\000e\000\040\000P\000a\000q\000u\000e\000t\000e\000s\000\040\000m\000e\000d\000i\000a\000n\000t\000e\000\040\000D\000a\000t\000a\000g\000r\000a\000m\000a\000s}{subsection.2.2}% 21
\BOOKMARK [2][-]{subsection.2.3}{\376\377\000P\000r\000o\000t\000o\000c\000o\000l\000o\000\040\000I\000P}{section.2}% 22
\BOOKMARK [3][-]{subsubsection.2.3.1}{\376\377\000E\000l\000\040\000P\000r\000o\000t\000o\000c\000o\000l\000o\000\040\000I\000P\000\040\000\050\000I\000P\000v\0004\000\051}{subsection.2.3}% 23
\BOOKMARK [3][-]{subsubsection.2.3.2}{\376\377\000D\000i\000r\000e\000c\000c\000i\000o\000n\000a\000m\000i\000e\000n\000t\000o\000\040\000J\000e\000r\000\341\000r\000q\000u\000i\000c\000o\000\040\000y\000\040\000M\000\341\000s\000c\000a\000r\000a\000s\000\040\000d\000e\000\040\000R\000e\000d\000\040\000e\000n\000\040\000I\000P\000v\0004}{subsection.2.3}% 24
\BOOKMARK [3][-]{subsubsection.2.3.3}{\376\377\000E\000l\000e\000c\000c\000i\000\363\000n\000\040\000d\000e\000\040\000l\000a\000\040\000M\000\341\000s\000c\000a\000r\000a\000\040\000d\000e\000\040\000R\000e\000d}{subsection.2.3}% 25
