\BOOKMARK [1][-]{section.1}{\376\377\000E\000j\000e\000r\000c\000i\000c\000i\000o\000\040\0009\0001}{}% 1
\BOOKMARK [2][-]{subsection.1.1}{\376\377\000E\000n\000u\000n\000c\000i\000a\000d\000o}{section.1}% 2
\BOOKMARK [2][-]{subsection.1.2}{\376\377\000S\000o\000l\000u\000c\000i\000\363\000n}{section.1}% 3
\BOOKMARK [3][-]{subsubsection.1.2.1}{\376\377\000C\000r\000o\000n\000o\000g\000r\000a\000m\000a}{subsection.1.2}% 4
\BOOKMARK [3][-]{subsubsection.1.2.2}{\376\377\000I\000m\000p\000l\000e\000m\000e\000n\000t\000a\000c\000i\000\363\000n\000\040\000e\000n\000\040\000p\000s\000e\000u\000d\000o\000-\000c\000\363\000d\000i\000g\000o}{subsection.1.2}% 5
\BOOKMARK [1][-]{section.2}{\376\377\000E\000j\000e\000r\000c\000i\000c\000i\000o\000\040\0009\0002}{}% 6
\BOOKMARK [2][-]{subsection.2.1}{\376\377\000E\000n\000u\000n\000c\000i\000a\000d\000o}{section.2}% 7
\BOOKMARK [2][-]{subsection.2.2}{\376\377\000S\000o\000l\000u\000c\000i\000\363\000n}{section.2}% 8
\BOOKMARK [3][-]{subsubsection.2.2.1}{\376\377\000P\000a\000s\000o\000\040\0001\000:\000\040\000V\000e\000r\000i\000f\000i\000c\000a\000c\000i\000\363\000n\000\040\000i\000n\000i\000c\000i\000a\000l}{subsection.2.2}% 9
\BOOKMARK [3][-]{subsubsection.2.2.2}{\376\377\000P\000a\000s\000o\000\040\0002\000:\000\040\000C\000\341\000l\000c\000u\000l\000o\000\040\000d\000e\000l\000\040\000m\000a\000r\000c\000o\000\040\000s\000e\000c\000u\000n\000d\000a\000r\000i\000o}{subsection.2.2}% 10
\BOOKMARK [3][-]{subsubsection.2.2.3}{\376\377\000P\000a\000s\000o\000\040\0003\000:\000\040\000C\000r\000o\000n\000o\000g\000r\000a\000m\000a}{subsection.2.2}% 11
\BOOKMARK [3][-]{subsubsection.2.2.4}{\376\377\000P\000a\000s\000o\000\040\0004\000:\000\040\000I\000m\000p\000l\000e\000m\000e\000n\000t\000a\000c\000i\000\363\000n\000\040\000e\000n\000\040\000p\000s\000e\000u\000d\000o\000-\000c\000\363\000d\000i\000g\000o}{subsection.2.2}% 12
\BOOKMARK [1][-]{section.3}{\376\377\000E\000j\000e\000r\000c\000i\000c\000i\000o\000\040\0009\0003}{}% 13
\BOOKMARK [2][-]{subsection.3.1}{\376\377\000E\000n\000u\000n\000c\000i\000a\000d\000o}{section.3}% 14
\BOOKMARK [2][-]{subsection.3.2}{\376\377\000S\000o\000l\000u\000c\000i\000\363\000n}{section.3}% 15
\BOOKMARK [3][-]{subsubsection.3.2.1}{\376\377\000I\000m\000p\000l\000e\000m\000e\000n\000t\000a\000c\000i\000\363\000n\000\040\000e\000n\000\040\000p\000s\000e\000u\000d\000o\000-\000c\000\363\000d\000i\000g\000o}{subsection.3.2}% 16
\BOOKMARK [1][-]{section.4}{\376\377\000E\000j\000e\000r\000c\000i\000c\000i\000o\000\040\0009\0004}{}% 17
\BOOKMARK [2][-]{subsection.4.1}{\376\377\000E\000n\000u\000n\000c\000i\000a\000d\000o}{section.4}% 18
\BOOKMARK [2][-]{subsection.4.2}{\376\377\000S\000o\000l\000u\000c\000i\000\363\000n}{section.4}% 19
\BOOKMARK [3][-]{subsubsection.4.2.1}{\376\377\000C\000\341\000l\000c\000u\000l\000o\000\040\000d\000e\000l\000\040\000f\000a\000c\000t\000o\000r\000\040\000d\000e\000\040\000u\000t\000i\000l\000i\000z\000a\000c\000i\000\363\000n}{subsection.4.2}% 20
\BOOKMARK [3][-]{subsubsection.4.2.2}{\376\377\000C\000\341\000l\000c\000u\000l\000o\000\040\000d\000e\000l\000\040\000h\000i\000p\000e\000r\000p\000e\000r\000i\000o\000d\000o}{subsection.4.2}% 21
\BOOKMARK [3][-]{subsubsection.4.2.3}{\376\377\000C\000r\000o\000n\000o\000g\000r\000a\000m\000a}{subsection.4.2}% 22
\BOOKMARK [3][-]{subsubsection.4.2.4}{\376\377\000I\000m\000p\000l\000e\000m\000e\000n\000t\000a\000c\000i\000\363\000n\000\040\000e\000n\000\040\000p\000s\000e\000u\000d\000o\000-\000c\000\363\000d\000i\000g\000o}{subsection.4.2}% 23
\BOOKMARK [1][-]{section.5}{\376\377\000E\000j\000e\000r\000c\000i\000c\000i\000o\000\040\0009\0005}{}% 24
\BOOKMARK [2][-]{subsection.5.1}{\376\377\000E\000n\000u\000n\000c\000i\000a\000d\000o}{section.5}% 25
\BOOKMARK [2][-]{subsection.5.2}{\376\377\000S\000o\000l\000u\000c\000i\000\363\000n}{section.5}% 26
\BOOKMARK [3][-]{subsubsection.5.2.1}{\376\377\000C\000\341\000l\000c\000u\000l\000o\000\040\000d\000e\000l\000\040\000F\000a\000c\000t\000o\000r\000\040\000d\000e\000\040\000U\000t\000i\000l\000i\000z\000a\000c\000i\000\363\000n}{subsection.5.2}% 27
\BOOKMARK [3][-]{subsubsection.5.2.2}{\376\377\000C\000\341\000l\000c\000u\000l\000o\000\040\000d\000e\000l\000\040\000H\000i\000p\000e\000r\000p\000e\000r\000i\000o\000d\000o}{subsection.5.2}% 28
\BOOKMARK [3][-]{subsubsection.5.2.3}{\376\377\000C\000r\000o\000n\000o\000g\000r\000a\000m\000a}{subsection.5.2}% 29
\BOOKMARK [3][-]{subsubsection.5.2.4}{\376\377\000I\000m\000p\000l\000e\000m\000e\000n\000t\000a\000c\000i\000\363\000n\000\040\000e\000n\000\040\000P\000s\000e\000u\000d\000o\000-\000C\000\363\000d\000i\000g\000o}{subsection.5.2}% 30
\BOOKMARK [1][-]{section.6}{\376\377\000E\000j\000e\000r\000c\000i\000c\000i\000o\000\040\0009\0006}{}% 31
\BOOKMARK [2][-]{subsection.6.1}{\376\377\000E\000n\000u\000n\000c\000i\000a\000d\000o}{section.6}% 32
\BOOKMARK [2][-]{subsection.6.2}{\376\377\000S\000o\000l\000u\000c\000i\000\363\000n}{section.6}% 33
\BOOKMARK [3][-]{subsubsection.6.2.1}{\376\377\000P\000l\000a\000n\000i\000f\000i\000c\000a\000c\000i\000\363\000n\000\040\000c\000o\000n\000\040\000R\000M\000S}{subsection.6.2}% 34
\BOOKMARK [3][-]{subsubsection.6.2.2}{\376\377\000P\000l\000a\000n\000i\000f\000i\000c\000a\000c\000i\000\363\000n\000\040\000c\000o\000n\000\040\000E\000D\000F}{subsection.6.2}% 35
\BOOKMARK [3][-]{subsubsection.6.2.3}{\376\377\000E\000x\000p\000l\000i\000c\000a\000c\000i\000\363\000n\000\040\000d\000e\000l\000\040\000A\000l\000g\000o\000r\000i\000t\000m\000o\000\040\000E\000D\000F}{subsection.6.2}% 36
\BOOKMARK [1][-]{section.7}{\376\377\000E\000j\000e\000r\000c\000i\000c\000i\000o\000\040\0009\0007}{}% 37
\BOOKMARK [2][-]{subsection.7.1}{\376\377\000E\000n\000u\000n\000c\000i\000a\000d\000o}{section.7}% 38
\BOOKMARK [2][-]{subsection.7.2}{\376\377\000S\000o\000l\000u\000c\000i\000\363\000n}{section.7}% 39
\BOOKMARK [3][-]{subsubsection.7.2.1}{\376\377\000P\000l\000a\000n\000i\000f\000i\000c\000a\000c\000i\000\363\000n\000\040\000m\000e\000d\000i\000a\000n\000t\000e\000\040\000u\000n\000\040\000E\000j\000e\000c\000u\000t\000i\000v\000o\000\040\000C\000\355\000c\000l\000i\000c\000o}{subsection.7.2}% 40
\BOOKMARK [3][-]{subsubsection.7.2.2}{\376\377\000P\000l\000a\000n\000i\000f\000i\000c\000a\000c\000i\000\363\000n\000\040\000m\000e\000d\000i\000a\000n\000t\000e\000\040\000P\000r\000i\000o\000r\000i\000d\000a\000d\000e\000s\000\040\000E\000s\000t\000\341\000t\000i\000c\000a\000s\000\040\000\050\000R\000M\000S\000\051}{subsection.7.2}% 41
\BOOKMARK [3][-]{subsubsection.7.2.3}{\376\377\000P\000l\000a\000n\000i\000f\000i\000c\000a\000c\000i\000\363\000n\000\040\000m\000e\000d\000i\000a\000n\000t\000e\000\040\000P\000r\000i\000o\000r\000i\000d\000a\000d\000e\000s\000\040\000D\000i\000n\000\341\000m\000i\000c\000a\000s\000\040\000\050\000E\000D\000F\000\051}{subsection.7.2}% 42
\BOOKMARK [3][-]{subsubsection.7.2.4}{\376\377\000C\000o\000n\000c\000l\000u\000s\000i\000\363\000n}{subsection.7.2}% 43
